2026-04-12 19:34:35,435 INFO 起動しました
2026-04-12 19:34:35,483 DEBUG クリップボード変化: 175文字, CAPTURE含む=False
2026-04-12 19:34:46,688 DEBUG クリップボード変化: 963文字, CAPTURE含む=False
2026-04-12 19:35:47,977 INFO 起動しました
2026-04-12 19:35:48,025 DEBUG クリップボード変化: 963文字, CAPTURE含む=True
2026-04-12 19:35:48,025 INFO キャプチャ検出: -7399011793595068704
2026-04-12 19:36:28,859 DEBUG クリップボード変化: 963文字, CAPTURE含む=True
2026-04-12 19:36:28,859 INFO キャプチャ検出: 1703129486200172874
2026-04-12 19:39:49,761 DEBUG クリップボード変化: 51文字, CAPTURE含む=False
2026-04-12 19:40:06,570 DEBUG クリップボード変化: 42文字, CAPTURE含む=False
2026-04-12 19:44:45,441 INFO 弱点マップ更新: 3カテゴリ
2026-04-12 19:44:55,505 INFO 起動しました
2026-04-12 19:44:55,555 DEBUG クリップボード変化: 42文字, CAPTURE含む=False
2026-04-12 19:47:36,433 DEBUG クリップボード変化: 0文字, CAPTURE含む=False
2026-04-13 05:59:22,864 INFO 起動しました
2026-04-13 06:01:39,798 DEBUG クリップボード変化: 10文字, CAPTURE含む=False
2026-04-13 06:06:43,218 DEBUG クリップボード変化: 13文字, CAPTURE含む=False
2026-04-13 06:09:56,157 DEBUG クリップボード変化: 132文字, CAPTURE含む=False
2026-04-13 06:12:56,280 DEBUG クリップボード変化: 24文字, CAPTURE含む=False
2026-04-13 06:13:20,298 DEBUG クリップボード変化: 0文字, CAPTURE含む=False
2026-04-13 06:13:51,520 DEBUG クリップボード変化: 24文字, CAPTURE含む=False
2026-04-13 06:14:41,156 DEBUG クリップボード変化: 0文字, CAPTURE含む=False
2026-04-13 06:17:49,478 DEBUG クリップボード変化: 24文字, CAPTURE含む=False
2026-04-13 06:18:30,305 DEBUG クリップボード変化: 0文字, CAPTURE含む=False
2026-04-13 06:19:22,338 DEBUG クリップボード変化: 89文字, CAPTURE含む=False
2026-04-13 06:19:58,357 DEBUG クリップボード変化: 3353文字, CAPTURE含む=False
2026-04-13 06:21:30,415 DEBUG クリップボード変化: 35文字, CAPTURE含む=False
2026-04-13 06:21:44,825 DEBUG クリップボード変化: 40文字, CAPTURE含む=False
2026-04-13 06:22:36,055 DEBUG クリップボード変化: 38文字, CAPTURE含む=False
2026-04-13 06:22:58,471 DEBUG クリップボード変化: 22文字, CAPTURE含む=False
2026-04-13 06:24:28,926 DEBUG クリップボード変化: 0文字, CAPTURE含む=False
2026-04-13 06:24:38,531 DEBUG クリップボード変化: 13文字, CAPTURE含む=False
2026-04-13 06:26:18,593 DEBUG クリップボード変化: 40文字, CAPTURE含む=False
2026-04-13 06:28:13,865 DEBUG クリップボード変化: 89文字, CAPTURE含む=False
2026-04-13 06:28:41,882 DEBUG クリップボード変化: 3353文字, CAPTURE含む=False
2026-04-13 06:29:33,115 DEBUG クリップボード変化: 0文字, CAPTURE含む=False
2026-04-13 06:30:23,544 DEBUG クリップボード変化: 42文字, CAPTURE含む=False
2026-04-13 06:30:43,559 DEBUG クリップボード変化: 0文字, CAPTURE含む=False
2026-04-13 06:34:19,667 DEBUG クリップボード変化: 42文字, CAPTURE含む=False
2026-04-13 06:35:29,310 DEBUG クリップボード変化: 0文字, CAPTURE含む=False
2026-04-13 06:36:09,328 DEBUG クリップボード変化: 22文字, CAPTURE含む=False
2026-04-13 06:36:26,936 DEBUG クリップボード変化: 0文字, CAPTURE含む=False
2026-04-13 06:40:47,864 DEBUG クリップボード変化: 42文字, CAPTURE含む=False
2026-04-13 06:41:26,285 DEBUG クリップボード変化: 0文字, CAPTURE含む=False
2026-04-13 06:52:10,603 DEBUG クリップボード変化: 24文字, CAPTURE含む=False
2026-04-13 06:52:53,827 DEBUG クリップボード変化: 0文字, CAPTURE含む=False
2026-04-13 06:56:29,145 DEBUG クリップボード変化: 106文字, CAPTURE含む=False
2026-04-13 06:57:33,182 DEBUG クリップボード変化: 0文字, CAPTURE含む=False
2026-04-13 07:04:13,390 DEBUG クリップボード変化: 23文字, CAPTURE含む=False
2026-04-13 07:04:32,601 DEBUG クリップボード変化: 0文字, CAPTURE含む=False
2026-04-13 07:05:19,023 DEBUG クリップボード変化: 12文字, CAPTURE含む=False
2026-04-13 07:08:56,737 DEBUG クリップボード変化: 42文字, CAPTURE含む=False
2026-04-13 07:14:36,126 DEBUG クリップボード変化: 4819文字, CAPTURE含む=False
2026-04-13 07:15:03,342 DEBUG クリップボード変化: 42文字, CAPTURE含む=False
2026-04-13 07:54:03,749 DEBUG クリップボード変化: 0文字, CAPTURE含む=False
2026-04-13 08:55:21,671 DEBUG クリップボード変化: 42文字, CAPTURE含む=False
2026-04-13 08:55:52,888 DEBUG クリップボード変化: 0文字, CAPTURE含む=False
2026-04-13 20:42:26,978 DEBUG クリップボード変化: 42文字, CAPTURE含む=False
2026-04-13 20:59:14,675 DEBUG クリップボード変化: 1039文字, CAPTURE含む=False
2026-04-13 21:05:02,857 DEBUG クリップボード変化: 0文字, CAPTURE含む=False
2026-04-13 21:05:45,280 DEBUG クリップボード変化: 36文字, CAPTURE含む=False
2026-04-13 21:09:22,984 DEBUG クリップボード変化: 53文字, CAPTURE含む=False
2026-04-13 21:21:23,327 DEBUG クリップボード変化: 0文字, CAPTURE含む=False
2026-04-13 21:23:28,186 DEBUG クリップボード変化: 37文字, CAPTURE含む=False
2026-04-13 21:23:42,594 DEBUG クリップボード変化: 0文字, CAPTURE含む=False
2026-04-13 21:24:22,613 DEBUG クリップボード変化: 37文字, CAPTURE含む=False
2026-04-13 21:24:39,421 DEBUG クリップボード変化: 0文字, CAPTURE含む=False
2026-04-13 21:25:01,830 DEBUG クリップボード変化: 37文字, CAPTURE含む=False
2026-04-13 21:29:13,959 DEBUG クリップボード変化: 55文字, CAPTURE含む=False
2026-04-13 21:32:32,449 DEBUG クリップボード変化: 15文字, CAPTURE含む=False
2026-04-13 21:32:49,257 DEBUG クリップボード変化: 37文字, CAPTURE含む=False
2026-04-13 21:33:36,481 DEBUG クリップボード変化: 42文字, CAPTURE含む=False
2026-04-13 21:35:51,747 DEBUG クリップボード変化: 37文字, CAPTURE含む=False
2026-04-13 21:37:12,585 DEBUG クリップボード変化: 42文字, CAPTURE含む=False
2026-04-13 21:38:01,410 DEBUG クリップボード変化: 37文字, CAPTURE含む=False
2026-04-13 21:38:12,617 DEBUG クリップボード変化: 0文字, CAPTURE含む=False
2026-04-13 21:44:09,574 DEBUG クリップボード変化: 42文字, CAPTURE含む=False
2026-04-13 21:45:28,815 DEBUG クリップボード変化: 37文字, CAPTURE含む=False
2026-04-13 21:46:37,649 DEBUG クリップボード変化: 42文字, CAPTURE含む=False
2026-04-13 21:51:51,468 DEBUG クリップボード変化: 809文字, CAPTURE含む=False
2026-04-13 21:54:14,748 DEBUG クリップボード変化: 4016文字, CAPTURE含む=False
2026-04-13 21:54:49,166 DEBUG クリップボード変化: 57文字, CAPTURE含む=False
2026-04-13 21:55:42,792 DEBUG クリップボード変化: 1401文字, CAPTURE含む=False
2026-04-13 21:58:45,289 DEBUG クリップボード変化: 324文字, CAPTURE含む=False
2026-04-13 22:04:09,443 DEBUG クリップボード変化: 42文字, CAPTURE含む=False
2026-04-13 22:06:18,308 DEBUG クリップボード変化: 37文字, CAPTURE含む=False
2026-04-13 22:06:35,917 DEBUG クリップボード変化: 0文字, CAPTURE含む=False
2026-04-13 22:08:31,166 DEBUG クリップボード変化: 36文字, CAPTURE含む=False
2026-04-13 22:09:23,208 DEBUG クリップボード変化: 40文字, CAPTURE含む=False
2026-04-13 22:09:41,616 DEBUG クリップボード変化: 46文字, CAPTURE含む=False
2026-04-13 22:10:04,828 DEBUG クリップボード変化: 49文字, CAPTURE含む=False
2026-04-13 22:10:11,231 DEBUG クリップボード変化: 36文字, CAPTURE含む=False
2026-04-13 22:41:28,926 DEBUG クリップボード変化: 36文字, CAPTURE含む=False
2026-04-13 22:48:48,350 DEBUG クリップボード変化: 9文字, CAPTURE含む=False
2026-04-13 22:48:54,754 DEBUG クリップボード変化: 13文字, CAPTURE含む=False
2026-04-13 22:49:00,356 DEBUG クリップボード変化: 19文字, CAPTURE含む=False
2026-04-13 22:50:30,799 DEBUG クリップボード変化: 0文字, CAPTURE含む=False
2026-04-13 22:52:30,888 DEBUG クリップボード変化: 56文字, CAPTURE含む=False
2026-04-13 22:56:13,391 DEBUG クリップボード変化: 40文字, CAPTURE含む=False
2026-04-13 23:08:59,041 DEBUG クリップボード変化: 0文字, CAPTURE含む=False
2026-04-14 06:48:17,345 DEBUG クリップボード変化: 40文字, CAPTURE含む=False
2026-04-14 06:50:07,242 DEBUG クリップボード変化: 39文字, CAPTURE含む=False
2026-04-14 06:50:28,052 DEBUG クリップボード変化: 0文字, CAPTURE含む=False
2026-04-14 06:56:16,211 DEBUG クリップボード変化: 17文字, CAPTURE含む=False
2026-04-14 06:56:35,419 DEBUG クリップボード変化: 52文字, CAPTURE含む=False
2026-04-14 06:58:23,476 DEBUG クリップボード変化: 36文字, CAPTURE含む=False
2026-04-14 06:59:53,158 DEBUG クリップボード変化: 0文字, CAPTURE含む=False
2026-04-14 07:02:06,841 DEBUG クリップボード変化: 36文字, CAPTURE含む=False
2026-04-14 07:02:20,448 DEBUG クリップボード変化: 0文字, CAPTURE含む=False
2026-04-14 07:08:24,622 DEBUG クリップボード変化: 36文字, CAPTURE含む=False
2026-04-14 07:10:11,876 DEBUG クリップボード変化: 0文字, CAPTURE含む=False
2026-04-14 07:15:48,843 DEBUG クリップボード変化: 38文字, CAPTURE含む=False
2026-04-14 07:18:17,717 DEBUG クリップボード変化: 57文字, CAPTURE含む=False
2026-04-14 07:18:33,725 DEBUG クリップボード変化: 0文字, CAPTURE含む=False
2026-04-14 07:19:40,151 DEBUG クリップボード変化: 46文字, CAPTURE含む=False
2026-04-14 19:59:37,201 DEBUG クリップボード変化: 0文字, CAPTURE含む=False
2026-04-14 19:59:47,287 DEBUG クリップボード変化: 46文字, CAPTURE含む=False
2026-04-14 20:01:57,204 DEBUG クリップボード変化: 2627文字, CAPTURE含む=False
2026-04-14 20:21:14,874 INFO 起動しました
2026-04-14 20:23:42,994 DEBUG クリップボード変化: 4521文字, CAPTURE含む=False
2026-04-14 20:24:42,226 DEBUG クリップボード変化: 719文字, CAPTURE含む=False
2026-04-14 20:27:24,714 DEBUG クリップボード変化: 309文字, CAPTURE含む=False
2026-04-14 20:27:51,130 DEBUG クリップボード変化: 34文字, CAPTURE含む=False
2026-04-14 20:28:07,940 DEBUG クリップボード変化: 0文字, CAPTURE含む=False
2026-04-14 20:29:24,776 DEBUG クリップボード変化: 36文字, CAPTURE含む=False
2026-04-14 20:29:39,186 DEBUG クリップボード変化: 0文字, CAPTURE含む=False
2026-04-14 20:30:29,609 DEBUG クリップボード変化: 36文字, CAPTURE含む=False
2026-04-14 20:34:40,940 DEBUG クリップボード変化: 54文字, CAPTURE含む=False
2026-04-14 20:35:08,957 DEBUG クリップボード変化: 8文字, CAPTURE含む=False
2026-04-14 20:35:24,965 DEBUG クリップボード変化: 15文字, CAPTURE含む=False
2026-04-14 20:37:19,418 DEBUG クリップボード変化: 93文字, CAPTURE含む=False
2026-04-14 20:39:35,483 DEBUG クリップボード変化: 34文字, CAPTURE含む=False
2026-04-14 20:40:24,312 DEBUG クリップボード変化: 0文字, CAPTURE含む=False
2026-04-14 20:45:17,248 DEBUG クリップボード変化: 31文字, CAPTURE含む=False
2026-04-14 20:46:46,095 DEBUG クリップボード変化: 42文字, CAPTURE含む=False
2026-04-14 20:52:37,477 DEBUG クリップボード変化: 551文字, CAPTURE含む=False
2026-04-14 20:55:47,175 DEBUG クリップボード変化: 50文字, CAPTURE含む=False
2026-04-14 20:56:58,415 DEBUG クリップボード変化: 0文字, CAPTURE含む=False
2026-04-14 20:58:52,070 DEBUG クリップボード変化: 15文字, CAPTURE含む=False
2026-04-14 20:59:14,483 DEBUG クリップボード変化: 0文字, CAPTURE含む=False
2026-04-14 20:59:25,688 DEBUG クリップボード変化: 17文字, CAPTURE含む=False
2026-04-14 20:59:37,695 DEBUG クリップボード変化: 93文字, CAPTURE含む=False
2026-04-14 21:06:30,696 DEBUG クリップボード変化: 40文字, CAPTURE含む=False
2026-04-14 21:07:59,544 DEBUG クリップボード変化: 0文字, CAPTURE含む=False
2026-04-14 21:12:10,857 DEBUG クリップボード変化: 2788文字, CAPTURE含む=False
2026-04-14 21:13:03,685 DEBUG クリップボード変化: 0文字, CAPTURE含む=False
2026-04-14 21:24:54,420 DEBUG クリップボード変化: 40文字, CAPTURE含む=False
2026-04-14 21:26:29,672 DEBUG クリップボード変化: 41文字, CAPTURE含む=False
2026-04-14 21:26:40,077 DEBUG クリップボード変化: 0文字, CAPTURE含む=False
2026-04-14 21:27:58,516 DEBUG クリップボード変化: 19文字, CAPTURE含む=False
2026-04-14 21:28:20,126 DEBUG クリップボード変化: 58文字, CAPTURE含む=False
2026-04-14 21:29:00,948 DEBUG クリップボード変化: 40文字, CAPTURE含む=False
2026-04-14 21:29:24,160 DEBUG クリップボード変化: 0文字, CAPTURE含む=False
2026-04-14 21:30:12,183 DEBUG クリップボード変化: 45文字, CAPTURE含む=False
2026-04-14 21:30:35,398 DEBUG クリップボード変化: 0文字, CAPTURE含む=False
2026-04-14 21:31:23,421 DEBUG クリップボード変化: 58文字, CAPTURE含む=False
2026-04-14 21:46:59,963 DEBUG クリップボード変化: 36文字, CAPTURE含む=False
2026-04-14 21:47:39,988 DEBUG クリップボード変化: 0文字, CAPTURE含む=False
2026-04-14 21:48:56,828 DEBUG クリップボード変化: 20文字, CAPTURE含む=False
2026-04-14 21:49:12,837 DEBUG クリップボード変化: 108文字, CAPTURE含む=False
2026-04-14 21:49:43,258 DEBUG クリップボード変化: 34文字, CAPTURE含む=False
2026-04-14 21:50:08,071 DEBUG クリップボード変化: 0文字, CAPTURE含む=False
2026-04-14 21:50:38,485 DEBUG クリップボード変化: 36文字, CAPTURE含む=False
2026-04-14 21:51:43,321 DEBUG クリップボード変化: 0文字, CAPTURE含む=False
2026-04-14 21:52:20,137 DEBUG クリップボード変化: 42文字, CAPTURE含む=False
2026-04-14 21:53:39,376 DEBUG クリップボード変化: 42文字, CAPTURE含む=False
2026-04-14 21:57:17,081 DEBUG クリップボード変化: 0文字, CAPTURE含む=False
2026-04-14 22:02:18,822 DEBUG クリップボード変化: 42文字, CAPTURE含む=False
2026-04-14 22:04:43,693 DEBUG クリップボード変化: 4文字, CAPTURE含む=False
2026-04-14 22:06:39,757 DEBUG クリップボード変化: 34文字, CAPTURE含む=False
2026-04-14 22:07:13,376 DEBUG クリップボード変化: 22文字, CAPTURE含む=False
2026-04-14 22:07:54,997 DEBUG クリップボード変化: 34文字, CAPTURE含む=False
2026-04-14 22:08:11,006 DEBUG クリップボード変化: 42文字, CAPTURE含む=False
2026-04-14 22:11:22,299 DEBUG クリップボード変化: 42文字, CAPTURE含む=False
2026-04-14 22:14:27,192 DEBUG クリップボード変化: 272文字, CAPTURE含む=False
2026-04-14 22:15:02,410 DEBUG クリップボード変化: 2716文字, CAPTURE含む=False
2026-04-14 22:22:50,645 DEBUG クリップボード変化: 48文字, CAPTURE含む=False
2026-04-14 22:23:41,871 DEBUG クリップボード変化: 0文字, CAPTURE含む=False
2026-04-14 22:26:13,943 DEBUG クリップボード変化: 86文字, CAPTURE含む=False
2026-04-14 22:28:51,634 DEBUG クリップボード変化: 6529文字, CAPTURE含む=False
2026-04-14 22:33:14,180 DEBUG クリップボード変化: 42文字, CAPTURE含む=False
2026-04-14 22:33:24,585 DEBUG クリップボード変化: 53文字, CAPTURE含む=False
2026-04-14 22:35:55,064 DEBUG クリップボード変化: 42文字, CAPTURE含む=False
2026-04-14 22:38:01,621 DEBUG クリップボード変化: 45文字, CAPTURE含む=False
2026-04-14 22:38:11,225 DEBUG クリップボード変化: 0文字, CAPTURE含む=False
2026-04-14 23:33:55,129 DEBUG クリップボード変化: 60文字, CAPTURE含む=False
2026-04-14 23:34:59,165 DEBUG クリップボード変化: 28文字, CAPTURE含む=False
2026-04-14 23:35:07,169 DEBUG クリップボード変化: 42文字, CAPTURE含む=False
2026-04-14 23:35:34,383 DEBUG クリップボード変化: 386文字, CAPTURE含む=False
2026-04-14 23:36:52,030 DEBUG クリップボード変化: 52文字, CAPTURE含む=False
2026-04-14 23:39:19,309 DEBUG クリップボード変化: 0文字, CAPTURE含む=False
2026-04-14 23:39:33,717 DEBUG クリップボード変化: 43文字, CAPTURE含む=False
2026-04-14 23:40:14,538 DEBUG クリップボード変化: 52文字, CAPTURE含む=False
2026-04-14 23:49:26,033 DEBUG クリップボード変化: 21文字, CAPTURE含む=False
2026-04-14 23:54:52,594 DEBUG クリップボード変化: 40文字, CAPTURE含む=False
2026-04-15 00:00:07,979 DEBUG クリップボード変化: 2文字, CAPTURE含む=False
2026-04-15 00:08:08,212 DEBUG クリップボード変化: 42文字, CAPTURE含む=False
2026-04-15 00:39:11,741 DEBUG クリップボード変化: 0文字, CAPTURE含む=False
2026-04-15 03:04:23,502 DEBUG クリップボード変化: 42文字, CAPTURE含む=False
2026-04-15 03:04:48,373 DEBUG クリップボード変化: 0文字, CAPTURE含む=False
2026-04-15 07:11:12,887 DEBUG クリップボード変化: 42文字, CAPTURE含む=False
2026-04-15 07:21:17,230 DEBUG クリップボード変化: 1218文字, CAPTURE含む=False
2026-04-15 07:22:05,255 DEBUG クリップボード変化: 21文字, CAPTURE含む=False
2026-04-15 08:15:03,138 DEBUG クリップボード変化: 0文字, CAPTURE含む=False
2026-04-15 16:23:53,746 DEBUG クリップボード変化: 21文字, CAPTURE含む=False
2026-04-15 16:24:17,758 DEBUG クリップボード変化: 0文字, CAPTURE含む=False
2026-04-15 19:39:44,678 DEBUG クリップボード変化: 21文字, CAPTURE含む=False
2026-04-15 19:40:32,765 DEBUG クリップボード変化: 16文字, CAPTURE含む=False
2026-04-15 19:40:49,573 DEBUG クリップボード変化: 42文字, CAPTURE含む=False
2026-04-15 19:52:33,149 DEBUG クリップボード変化: 0文字, CAPTURE含む=False
2026-04-15 19:54:29,203 DEBUG クリップボード変化: 36文字, CAPTURE含む=False
2026-04-15 20:00:57,408 DEBUG クリップボード変化: 56文字, CAPTURE含む=False
2026-04-15 20:02:31,876 DEBUG クリップボード変化: 0文字, CAPTURE含む=False
2026-04-15 20:14:17,797 DEBUG クリップボード変化: 53文字, CAPTURE含む=False
2026-04-15 20:25:24,566 DEBUG クリップボード変化: 88文字, CAPTURE含む=False
2026-04-15 20:27:34,238 DEBUG クリップボード変化: 45文字, CAPTURE含む=False
2026-04-15 20:33:00,012 DEBUG クリップボード変化: 1612文字, CAPTURE含む=False
2026-04-15 20:33:20,825 DEBUG クリップボード変化: 37文字, CAPTURE含む=False
2026-04-15 20:33:41,635 DEBUG クリップボード変化: 45文字, CAPTURE含む=False
2026-04-15 20:34:04,067 DEBUG クリップボード変化: 1909文字, CAPTURE含む=False
2026-04-15 20:47:02,134 DEBUG クリップボード変化: 305文字, CAPTURE含む=False
2026-04-15 20:49:51,863 DEBUG クリップボード変化: 1642文字, CAPTURE含む=False
2026-04-15 21:07:32,408 DEBUG クリップボード変化: 0文字, CAPTURE含む=False
2026-04-15 21:07:47,615 DEBUG クリップボード変化: 45文字, CAPTURE含む=False
2026-04-15 21:08:29,243 DEBUG クリップボード変化: 0文字, CAPTURE含む=False
2026-04-15 21:39:52,537 DEBUG クリップボード変化: 51文字, CAPTURE含む=False
2026-04-15 21:40:50,167 DEBUG クリップボード変化: 57文字, CAPTURE含む=False
2026-04-15 21:43:11,841 DEBUG クリップボード変化: 0文字, CAPTURE含む=False
2026-04-15 21:46:21,528 DEBUG クリップボード変化: 36文字, CAPTURE含む=False
2026-04-15 21:48:43,997 DEBUG クリップボード変化: 43文字, CAPTURE含む=False
2026-04-15 21:49:55,234 DEBUG クリップボード変化: 2447文字, CAPTURE含む=False
2026-04-15 21:53:13,740 DEBUG クリップボード変化: 36文字, CAPTURE含む=False
2026-04-15 22:07:20,572 DEBUG クリップボード変化: 3文字, CAPTURE含む=False
2026-04-15 22:18:43,315 DEBUG クリップボード変化: 97文字, CAPTURE含む=False
2026-04-15 22:30:57,292 DEBUG クリップボード変化: 81文字, CAPTURE含む=False
2026-04-15 22:31:54,922 DEBUG クリップボード変化: 27文字, CAPTURE含む=False
2026-04-15 22:32:12,535 DEBUG クリップボード変化: 109文字, CAPTURE含む=False
2026-04-15 22:32:45,351 DEBUG クリップボード変化: 36文字, CAPTURE含む=False
2026-04-15 22:39:07,944 DEBUG クリップボード変化: 26文字, CAPTURE含む=False
2026-04-15 22:39:43,962 DEBUG クリップボード変化: 9331文字, CAPTURE含む=False
2026-04-15 22:43:56,899 DEBUG クリップボード変化: 21054文字, CAPTURE含む=False
2026-04-15 22:46:12,973 DEBUG クリップボード変化: 17620文字, CAPTURE含む=False
2026-04-15 22:52:14,762 DEBUG クリップボード変化: 1479文字, CAPTURE含む=False
2026-04-15 22:54:32,436 DEBUG クリップボード変化: 2038文字, CAPTURE含む=False
2026-04-15 22:56:10,886 DEBUG クリップボード変化: 21847文字, CAPTURE含む=False
2026-04-15 22:56:46,909 DEBUG クリップボード変化: 9文字, CAPTURE含む=False
2026-04-15 22:56:54,912 DEBUG クリップボード変化: 15文字, CAPTURE含む=False
2026-04-15 23:00:33,425 DEBUG クリップボード変化: 529文字, CAPTURE含む=False
2026-04-15 23:01:26,252 DEBUG クリップボード変化: 56文字, CAPTURE含む=False
2026-04-15 23:03:23,912 DEBUG クリップボード変化: 1414文字, CAPTURE含む=False
2026-04-15 23:09:01,685 DEBUG クリップボード変化: 782文字, CAPTURE含む=False
2026-04-15 23:09:45,708 DEBUG クリップボード変化: 13694文字, CAPTURE含む=False
2026-04-15 23:11:15,360 DEBUG クリップボード変化: 1029文字, CAPTURE含む=False
2026-04-15 23:12:08,187 DEBUG クリップボード変化: 117文字, CAPTURE含む=False
2026-04-15 23:30:39,988 DEBUG クリップボード変化: 117文字, CAPTURE含む=False
2026-04-16 00:15:03,472 DEBUG クリップボード変化: 0文字, CAPTURE含む=False
2026-04-16 00:31:00,805 DEBUG クリップボード変化: 117文字, CAPTURE含む=False
2026-04-16 00:31:25,191 DEBUG クリップボード変化: 0文字, CAPTURE含む=False
2026-04-16 06:54:00,407 INFO 起動しました
2026-04-16 07:04:40,789 DEBUG クリップボード変化: 36文字, CAPTURE含む=False
2026-04-16 07:12:28,227 DEBUG クリップボード変化: 40文字, CAPTURE含む=False
2026-04-16 07:12:57,841 DEBUG クリップボード変化: 21文字, CAPTURE含む=False
2026-04-16 07:13:29,857 DEBUG クリップボード変化: 46文字, CAPTURE含む=False
2026-04-16 07:13:45,065 DEBUG クリップボード変化: 22文字, CAPTURE含む=False
2026-04-16 07:17:13,171 DEBUG クリップボード変化: 0文字, CAPTURE含む=False
2026-04-16 07:18:20,402 DEBUG クリップボード変化: 3文字, CAPTURE含む=False
2026-04-16 07:58:32,191 DEBUG クリップボード変化: 0文字, CAPTURE含む=False
2026-04-16 12:05:34,112 DEBUG クリップボード変化: 3文字, CAPTURE含む=False
2026-04-16 12:05:58,132 DEBUG クリップボード変化: 0文字, CAPTURE含む=False
2026-04-16 21:19:13,947 DEBUG クリップボード変化: 3文字, CAPTURE含む=False
2026-04-16 21:20:42,834 DEBUG クリップボード変化: 0文字, CAPTURE含む=False
2026-04-16 21:32:27,163 DEBUG クリップボード変化: 57文字, CAPTURE含む=False
2026-04-16 21:35:38,468 DEBUG クリップボード変化: 8文字, CAPTURE含む=False
2026-04-16 21:37:40,931 DEBUG クリップボード変化: 169文字, CAPTURE含む=False
2026-04-16 21:46:37,208 DEBUG クリップボード変化: 10892文字, CAPTURE含む=False
2026-04-16 21:51:38,175 DEBUG クリップボード変化: 37009文字, CAPTURE含む=False
2026-04-16 21:53:35,049 DEBUG クリップボード変化: 0文字, CAPTURE含む=False
2026-04-16 22:00:20,851 DEBUG クリップボード変化: 8文字, CAPTURE含む=False
2026-04-16 22:07:50,684 DEBUG クリップボード変化: 5175文字, CAPTURE含む=False
2026-04-16 22:09:15,528 DEBUG クリップボード変化: 1483文字, CAPTURE含む=False
2026-04-16 22:16:56,567 DEBUG クリップボード変化: 3840文字, CAPTURE含む=False
2026-04-16 22:19:13,439 DEBUG クリップボード変化: 1482文字, CAPTURE含む=False
2026-04-16 22:23:31,172 DEBUG クリップボード変化: 14文字, CAPTURE含む=False
2026-04-16 23:06:55,695 DEBUG クリップボード変化: 50文字, CAPTURE含む=False
2026-04-16 23:22:45,760 DEBUG クリップボード変化: 2292文字, CAPTURE含む=False
2026-04-16 23:24:04,999 DEBUG クリップボード変化: 56文字, CAPTURE含む=False
2026-04-16 23:28:31,531 DEBUG クリップボード変化: 1707文字, CAPTURE含む=False
2026-04-16 23:40:07,881 DEBUG クリップボード変化: 40文字, CAPTURE含む=False
2026-04-16 23:40:16,685 DEBUG クリップボード変化: 46文字, CAPTURE含む=False
2026-04-17 00:20:44,468 DEBUG クリップボード変化: 0文字, CAPTURE含む=False
2026-04-17 07:20:05,440 DEBUG クリップボード変化: 46文字, CAPTURE含む=False
2026-04-17 07:22:28,014 INFO 起動しました
2026-04-17 07:28:42,634 DEBUG クリップボード変化: 108文字, CAPTURE含む=False
2026-04-17 07:40:01,393 DEBUG クリップボード変化: 18文字, CAPTURE含む=False
2026-04-17 07:47:48,825 DEBUG クリップボード変化: 11文字, CAPTURE含む=False
2026-04-17 07:48:16,838 DEBUG クリップボード変化: 21文字, CAPTURE含む=False
2026-04-17 07:48:28,844 DEBUG クリップボード変化: 27文字, CAPTURE含む=False
2026-04-17 07:52:42,570 DEBUG クリップボード変化: 0文字, CAPTURE含む=False
2026-04-18 19:03:28,252 DEBUG クリップボード変化: 66文字, CAPTURE含む=False
2026-04-18 19:03:42,659 DEBUG クリップボード変化: 0文字, CAPTURE含む=False
2026-04-18 19:05:17,912 DEBUG クリップボード変化: 66文字, CAPTURE含む=False
2026-04-18 19:05:27,516 DEBUG クリップボード変化: 0文字, CAPTURE含む=False
2026-04-18 19:05:49,927 DEBUG クリップボード変化: 46文字, CAPTURE含む=False
2026-04-18 19:06:26,745 DEBUG クリップボード変化: 0文字, CAPTURE含む=False
2026-04-18 19:08:06,788 DEBUG クリップボード変化: 38文字, CAPTURE含む=False
2026-04-18 19:08:42,809 DEBUG クリップボード変化: 142文字, CAPTURE含む=False
2026-04-18 19:08:55,615 DEBUG クリップボード変化: 0文字, CAPTURE含む=False
2026-04-18 19:11:23,680 DEBUG クリップボード変化: 74文字, CAPTURE含む=False
2026-04-18 19:11:57,297 DEBUG クリップボード変化: 46文字, CAPTURE含む=False
2026-04-18 19:21:47,984 DEBUG クリップボード変化: 8文字, CAPTURE含む=False
2026-04-18 19:23:47,246 DEBUG クリップボード変化: 0文字, CAPTURE含む=False
2026-04-18 19:26:50,528 DEBUG クリップボード変化: 2640文字, CAPTURE含む=False
2026-04-18 19:29:21,811 DEBUG クリップボード変化: 0文字, CAPTURE含む=False
2026-04-18 19:34:45,966 DEBUG クリップボード変化: 3070文字, CAPTURE含む=False
2026-04-18 19:38:54,899 DEBUG クリップボード変化: 24文字, CAPTURE含む=False
2026-04-18 19:39:45,323 DEBUG クリップボード変化: 2711文字, CAPTURE含む=False
2026-04-18 19:53:08,153 DEBUG クリップボード変化: 63文字, CAPTURE含む=False
2026-04-18 19:53:32,967 DEBUG クリップボード変化: 1427文字, CAPTURE含む=False
2026-04-18 19:55:10,618 DEBUG クリップボード変化: 27文字, CAPTURE含む=False
2026-04-18 19:56:50,669 DEBUG クリップボード変化: 1121文字, CAPTURE含む=False
2026-04-18 20:26:43,648 DEBUG クリップボード変化: 40文字, CAPTURE含む=False
2026-04-18 20:28:35,713 DEBUG クリップボード変化: 12文字, CAPTURE含む=False
2026-04-18 20:33:31,870 DEBUG クリップボード変化: 18文字, CAPTURE含む=False
2026-04-18 20:33:49,480 DEBUG クリップボード変化: 0文字, CAPTURE含む=False
2026-04-18 20:40:16,863 DEBUG クリップボード変化: 64文字, CAPTURE含む=False
2026-04-18 20:41:12,094 DEBUG クリップボード変化: 97文字, CAPTURE含む=False
2026-04-18 20:43:07,352 DEBUG クリップボード変化: 12文字, CAPTURE含む=False
2026-04-18 20:44:59,406 DEBUG クリップボード変化: 97文字, CAPTURE含む=False
2026-04-18 20:45:49,832 DEBUG クリップボード変化: 1400文字, CAPTURE含む=False
2026-04-18 20:46:09,042 DEBUG クリップボード変化: 104文字, CAPTURE含む=False
2026-04-18 20:46:25,050 DEBUG クリップボード変化: 96文字, CAPTURE含む=False
2026-04-18 20:47:16,275 DEBUG クリップボード変化: 114文字, CAPTURE含む=False
2026-04-18 20:48:00,297 DEBUG クリップボード変化: 0文字, CAPTURE含む=False
2026-04-18 20:48:07,500 DEBUG クリップボード変化: 4文字, CAPTURE含む=False
2026-04-18 20:51:29,204 DEBUG クリップボード変化: 9316文字, CAPTURE含む=False
2026-04-18 20:55:01,326 DEBUG クリップボード変化: 48文字, CAPTURE含む=False
2026-04-18 20:57:45,409 DEBUG クリップボード変化: 54文字, CAPTURE含む=False
2026-04-18 21:01:51,929 DEBUG クリップボード変化: 20文字, CAPTURE含む=False
2026-04-18 21:03:59,994 DEBUG クリップボード変化: 54文字, CAPTURE含む=False
2026-04-18 21:05:20,034 DEBUG クリップボード変化: 3400文字, CAPTURE含む=False
2026-04-18 21:05:32,842 DEBUG クリップボード変化: 61文字, CAPTURE含む=False
2026-04-18 21:10:25,809 DEBUG クリップボード変化: 59文字, CAPTURE含む=False
2026-04-18 21:10:37,816 DEBUG クリップボード変化: 61文字, CAPTURE含む=False
2026-04-18 21:11:28,243 DEBUG クリップボード変化: 1121文字, CAPTURE含む=False
2026-04-18 21:12:33,878 DEBUG クリップボード変化: 3400文字, CAPTURE含む=False
2026-04-18 21:13:13,901 DEBUG クリップボード変化: 0文字, CAPTURE含む=False
2026-04-18 21:14:24,334 DEBUG クリップボード変化: 48文字, CAPTURE含む=False
2026-04-18 21:15:19,565 DEBUG クリップボード変化: 84文字, CAPTURE含む=False
2026-04-18 21:37:16,245 DEBUG クリップボード変化: 0文字, CAPTURE含む=False
2026-04-18 21:48:14,959 DEBUG クリップボード変化: 54文字, CAPTURE含む=False
2026-04-18 21:50:07,053 DEBUG クリップボード変化: 1398文字, CAPTURE含む=False
2026-04-18 21:50:30,266 DEBUG クリップボード変化: 54文字, CAPTURE含む=False
2026-04-18 22:15:02,454 DEBUG クリップボード変化: 0文字, CAPTURE含む=False
2026-04-19 04:55:28,818 DEBUG クリップボード変化: 54文字, CAPTURE含む=False
2026-04-19 05:00:38,639 DEBUG クリップボード変化: 61文字, CAPTURE含む=False
2026-04-19 05:04:33,969 DEBUG クリップボード変化: 123文字, CAPTURE含む=False
2026-04-19 05:04:46,777 DEBUG クリップボード変化: 72文字, CAPTURE含む=False
2026-04-19 05:05:56,414 DEBUG クリップボード変化: 402文字, CAPTURE含む=False
2026-04-19 05:06:50,842 DEBUG クリップボード変化: 54文字, CAPTURE含む=False
2026-04-19 05:09:49,336 DEBUG クリップボード変化: 26文字, CAPTURE含む=False
2026-04-19 05:11:30,190 DEBUG クリップボード変化: 57文字, CAPTURE含む=False
2026-04-19 05:12:37,423 DEBUG クリップボード変化: 0文字, CAPTURE含む=False
2026-04-19 05:14:46,279 DEBUG クリップボード変化: 114文字, CAPTURE含む=False
2026-04-19 05:14:59,887 DEBUG クリップボード変化: 153文字, CAPTURE含む=False
2026-04-19 05:16:46,343 DEBUG クリップボード変化: 1196文字, CAPTURE含む=False
2026-04-19 05:18:15,195 DEBUG クリップボード変化: 153文字, CAPTURE含む=False
2026-04-19 05:19:42,442 DEBUG クリップボード変化: 1911文字, CAPTURE含む=False
2026-04-19 05:20:21,662 DEBUG クリップボード変化: 33文字, CAPTURE含む=False
2026-04-19 05:20:41,672 DEBUG クリップボード変化: 350文字, CAPTURE含む=False
2026-04-19 05:23:45,769 DEBUG クリップボード変化: 48文字, CAPTURE含む=False
2026-04-19 05:25:41,035 DEBUG クリップボード変化: 54文字, CAPTURE含む=False
2026-04-19 05:32:02,025 DEBUG クリップボード変化: 32文字, CAPTURE含む=False
2026-04-19 05:40:52,689 DEBUG クリップボード変化: 94文字, CAPTURE含む=False
2026-04-19 05:44:48,810 DEBUG クリップボード変化: 58文字, CAPTURE含む=False
2026-04-19 05:47:12,087 DEBUG クリップボード変化: 137文字, CAPTURE含む=False
2026-04-19 06:01:24,517 DEBUG クリップボード変化: 1266文字, CAPTURE含む=False
2026-04-19 06:16:53,787 DEBUG クリップボード変化: 58文字, CAPTURE含む=False
2026-04-19 06:19:24,264 DEBUG クリップボード変化: 48文字, CAPTURE含む=False
2026-04-19 08:44:13,396 INFO 起動しました
2026-04-19 10:24:09,078 DEBUG クリップボード変化: 39文字, CAPTURE含む=False
2026-04-19 16:13:14,065 INFO 起動しました
2026-04-19 16:32:43,767 DEBUG クリップボード変化: 36文字, CAPTURE含む=False
2026-04-19 16:38:53,691 DEBUG クリップボード変化: 56文字, CAPTURE含む=False
2026-04-19 16:39:26,516 DEBUG クリップボード変化: 36文字, CAPTURE含む=False
2026-04-19 16:40:12,161 DEBUG クリップボード変化: 13文字, CAPTURE含む=False
2026-04-19 16:40:17,766 DEBUG クリップボード変化: 7文字, CAPTURE含む=False
2026-04-19 16:42:07,466 DEBUG クリップボード変化: 0文字, CAPTURE含む=False
2026-04-19 16:50:36,599 DEBUG クリップボード変化: 5255文字, CAPTURE含む=False
2026-04-19 17:06:03,761 DEBUG クリップボード変化: 6文字, CAPTURE含む=False
2026-04-19 17:06:57,395 DEBUG クリップボード変化: 0文字, CAPTURE含む=False
2026-04-19 17:17:44,217 DEBUG クリップボード変化: 37文字, CAPTURE含む=False
2026-04-19 17:21:46,861 DEBUG クリップボード変化: 40文字, CAPTURE含む=False
2026-04-19 17:23:09,345 DEBUG クリップボード変化: 37文字, CAPTURE含む=False
2026-04-19 17:29:56,135 DEBUG クリップボード変化: 0文字, CAPTURE含む=False
2026-04-19 17:32:57,055 DEBUG クリップボード変化: 6文字, CAPTURE含む=False
2026-04-19 17:40:56,685 DEBUG クリップボード変化: 37文字, CAPTURE含む=False
2026-04-19 17:41:40,723 DEBUG クリップボード変化: 55文字, CAPTURE含む=False
2026-04-19 17:43:48,820 DEBUG クリップボード変化: 2179文字, CAPTURE含む=False
2026-04-19 17:50:21,154 DEBUG クリップボード変化: 55文字, CAPTURE含む=False
2026-04-19 17:54:18,117 DEBUG クリップボード変化: 31文字, CAPTURE含む=False
2026-04-19 17:59:04,732 DEBUG クリップボード変化: 32文字, CAPTURE含む=False
2026-04-19 17:59:37,548 DEBUG クリップボード変化: 0文字, CAPTURE含む=False
2026-04-19 18:03:07,250 DEBUG クリップボード変化: 11文字, CAPTURE含む=False
2026-04-19 18:04:48,108 DEBUG クリップボード変化: 0文字, CAPTURE含む=False
2026-04-19 18:05:39,336 DEBUG クリップボード変化: 24文字, CAPTURE含む=False
2026-04-19 18:07:04,979 DEBUG クリップボード変化: 0文字, CAPTURE含む=False
2026-04-19 18:10:22,670 DEBUG クリップボード変化: 36文字, CAPTURE含む=False
2026-04-19 18:12:01,118 DEBUG クリップボード変化: 0文字, CAPTURE含む=False
2026-04-19 18:15:47,628 DEBUG クリップボード変化: 498文字, CAPTURE含む=False
2026-04-19 18:20:23,813 DEBUG クリップボード変化: 17文字, CAPTURE含む=False
2026-04-19 18:22:54,291 DEBUG クリップボード変化: 0文字, CAPTURE含む=False
2026-04-19 18:25:06,354 DEBUG クリップボード変化: 93文字, CAPTURE含む=False
2026-04-19 18:28:27,303 DEBUG クリップボード変化: 12文字, CAPTURE含む=False
2026-04-19 18:30:08,187 DEBUG クリップボード変化: 2222文字, CAPTURE含む=False
2026-04-19 18:32:03,446 DEBUG クリップボード変化: 310文字, CAPTURE含む=False
2026-04-19 18:32:19,455 DEBUG クリップボード変化: 961文字, CAPTURE含む=False
2026-04-19 18:33:52,341 DEBUG クリップボード変化: 310文字, CAPTURE含む=False
2026-04-19 18:38:12,487 DEBUG クリップボード変化: 2224文字, CAPTURE含む=False
2026-04-19 18:42:20,645 DEBUG クリップボード変化: 176文字, CAPTURE含む=False
2026-04-19 18:43:06,286 DEBUG クリップボード変化: 0文字, CAPTURE含む=False
2026-04-19 18:48:15,275 DEBUG クリップボード変化: 29文字, CAPTURE含む=False
2026-04-19 18:54:16,332 DEBUG クリップボード変化: 0文字, CAPTURE含む=False
2026-04-19 19:00:47,860 DEBUG クリップボード変化: 6文字, CAPTURE含む=False
2026-04-19 19:11:36,318 DEBUG クリップボード変化: 0文字, CAPTURE含む=False
2026-04-19 19:16:49,282 DEBUG クリップボード変化: 2515文字, CAPTURE含む=False
2026-04-19 19:24:00,786 DEBUG クリップボード変化: 42文字, CAPTURE含む=False
2026-04-19 19:24:50,571 DEBUG クリップボード変化: 2617文字, CAPTURE含む=False
2026-04-19 19:35:12,616 DEBUG クリップボード変化: 42文字, CAPTURE含む=False
2026-04-19 19:35:55,844 DEBUG クリップボード変化: 47文字, CAPTURE含む=False
2026-04-19 19:39:42,408 DEBUG クリップボード変化: 56文字, CAPTURE含む=False
2026-04-19 19:43:13,768 DEBUG クリップボード変化: 52文字, CAPTURE含む=False
2026-04-19 19:57:10,396 DEBUG クリップボード変化: 56文字, CAPTURE含む=False
2026-04-19 19:57:57,651 DEBUG クリップボード変化: 4文字, CAPTURE含む=False
2026-04-19 20:03:19,497 DEBUG クリップボード変化: 15文字, CAPTURE含む=False
2026-04-19 20:03:31,506 DEBUG クリップボード変化: 108文字, CAPTURE含む=False
2026-04-19 20:04:30,754 DEBUG クリップボード変化: 46文字, CAPTURE含む=False
2026-04-19 20:05:01,998 DEBUG クリップボード変化: 57文字, CAPTURE含む=False
2026-04-19 20:15:01,697 DEBUG クリップボード変化: 2673文字, CAPTURE含む=False
2026-04-19 20:20:10,055 DEBUG クリップボード変化: 0文字, CAPTURE含む=False
2026-04-19 20:20:29,268 DEBUG クリップボード変化: 6文字, CAPTURE含む=False
2026-04-19 20:20:54,090 DEBUG クリップボード変化: 0文字, CAPTURE含む=False
2026-04-20 06:17:00,620 INFO 起動しました
2026-04-20 06:42:49,794 DEBUG クリップボード変化: 73文字, CAPTURE含む=False
2026-04-20 06:51:59,954 DEBUG クリップボード変化: 216文字, CAPTURE含む=False
2026-04-20 06:52:24,780 DEBUG クリップボード変化: 0文字, CAPTURE含む=False
2026-04-20 06:55:50,521 DEBUG クリップボード変化: 49文字, CAPTURE含む=False
2026-04-20 06:58:58,646 DEBUG クリップボード変化: 59文字, CAPTURE含む=False
2026-04-20 07:13:40,859 DEBUG クリップボード変化: 61文字, CAPTURE含む=False
2026-04-20 15:05:54,851 DEBUG クリップボード変化: 0文字, CAPTURE含む=False
2026-04-20 21:39:21,809 DEBUG クリップボード変化: 61文字, CAPTURE含む=False
2026-04-20 21:41:05,121 DEBUG クリップボード変化: 59文字, CAPTURE含む=False
2026-04-20 21:52:14,373 DEBUG クリップボード変化: 49文字, CAPTURE含む=False
2026-04-20 21:56:48,952 DEBUG クリップボード変化: 36文字, CAPTURE含む=False
2026-04-20 22:01:28,322 DEBUG クリップボード変化: 31文字, CAPTURE含む=False
2026-04-20 22:01:38,728 DEBUG クリップボード変化: 123文字, CAPTURE含む=False
2026-04-20 22:06:59,742 DEBUG クリップボード変化: 40文字, CAPTURE含む=False
2026-04-20 22:09:26,218 DEBUG クリップボード変化: 39文字, CAPTURE含む=False
2026-04-20 22:10:24,674 DEBUG クリップボード変化: 96文字, CAPTURE含む=False
2026-04-20 22:10:51,092 DEBUG クリップボード変化: 322文字, CAPTURE含む=False
2026-04-20 22:11:31,913 DEBUG クリップボード変化: 60文字, CAPTURE含む=False
2026-04-20 22:12:12,803 DEBUG クリップボード変化: 39文字, CAPTURE含む=False
2026-04-20 22:14:21,678 DEBUG クリップボード変化: 123文字, CAPTURE含む=False
2026-04-20 22:16:06,531 DEBUG クリップボード変化: 50文字, CAPTURE含む=False
2026-04-20 22:16:28,159 DEBUG クリップボード変化: 57文字, CAPTURE含む=False
2026-04-20 22:16:30,560 DEBUG クリップボード変化: 39文字, CAPTURE含む=False
2026-04-20 22:17:47,405 DEBUG クリップボード変化: 70文字, CAPTURE含む=False
2026-04-20 22:18:17,823 DEBUG クリップボード変化: 35文字, CAPTURE含む=False
2026-04-20 22:18:41,035 DEBUG クリップボード変化: 26932文字, CAPTURE含む=False
2026-04-20 22:19:32,270 DEBUG クリップボード変化: 224文字, CAPTURE含む=False
2026-04-20 22:19:52,283 DEBUG クリップボード変化: 51文字, CAPTURE含む=False
2026-04-20 22:20:17,099 DEBUG クリップボード変化: 30文字, CAPTURE含む=False
2026-04-20 22:20:36,311 DEBUG クリップボード変化: 343文字, CAPTURE含む=False
2026-04-20 22:21:33,941 DEBUG クリップボード変化: 70文字, CAPTURE含む=False
2026-04-20 22:54:03,037 DEBUG クリップボード変化: 51文字, CAPTURE含む=False
2026-04-20 22:54:41,457 DEBUG クリップボード変化: 70文字, CAPTURE含む=False
2026-04-20 22:56:03,899 DEBUG クリップボード変化: 51文字, CAPTURE含む=False
2026-04-20 23:26:44,868 DEBUG クリップボード変化: 60文字, CAPTURE含む=False
2026-04-20 23:29:32,959 DEBUG クリップボード変化: 51文字, CAPTURE含む=False
2026-04-20 23:32:52,262 DEBUG クリップボード変化: 0文字, CAPTURE含む=False
2026-04-21 00:18:32,023 DEBUG クリップボード変化: 13文字, CAPTURE含む=False
2026-04-21 03:20:27,952 DEBUG クリップボード変化: 0文字, CAPTURE含む=False
2026-04-21 06:25:27,820 DEBUG クリップボード変化: 13文字, CAPTURE含む=False
2026-04-21 06:28:37,372 INFO 起動しました
2026-04-21 06:39:03,317 DEBUG クリップボード変化: 95文字, CAPTURE含む=False
2026-04-21 06:41:15,395 DEBUG クリップボード変化: 0文字, CAPTURE含む=False
2026-04-21 06:41:37,006 DEBUG クリップボード変化: 135文字, CAPTURE含む=False
2026-04-21 06:42:13,825 DEBUG クリップボード変化: 464文字, CAPTURE含む=False
2026-04-21 07:00:20,765 DEBUG クリップボード変化: 36文字, CAPTURE含む=False
2026-04-21 07:06:13,749 DEBUG クリップボード変化: 9文字, CAPTURE含む=False
2026-04-21 07:11:01,894 DEBUG クリップボード変化: 79文字, CAPTURE含む=False
2026-04-21 07:13:19,559 DEBUG クリップボード変化: 48文字, CAPTURE含む=False
2026-04-21 07:18:14,112 DEBUG クリップボード変化: 48文字, CAPTURE含む=False
2026-04-21 07:19:18,143 DEBUG クリップボード変化: 0文字, CAPTURE含む=False
2026-04-21 21:20:20,447 DEBUG クリップボード変化: 48文字, CAPTURE含む=False
2026-04-21 22:03:23,544 DEBUG クリップボード変化: 55文字, CAPTURE含む=False
2026-04-21 22:05:49,233 DEBUG クリップボード変化: 81文字, CAPTURE含む=False
2026-04-21 22:10:16,573 DEBUG クリップボード変化: 79文字, CAPTURE含む=False
2026-04-21 22:13:35,091 DEBUG クリップボード変化: 44文字, CAPTURE含む=False
2026-04-21 22:16:44,794 DEBUG クリップボード変化: 0文字, CAPTURE含む=False
2026-04-21 22:16:51,197 DEBUG クリップボード変化: 42文字, CAPTURE含む=False
2026-04-21 22:18:12,874 DEBUG クリップボード変化: 243文字, CAPTURE含む=False
2026-04-21 22:18:53,701 DEBUG クリップボード変化: 44文字, CAPTURE含む=False
2026-04-21 22:19:05,708 DEBUG クリップボード変化: 149文字, CAPTURE含む=False
2026-04-21 22:20:04,946 DEBUG クリップボード変化: 550文字, CAPTURE含む=False
2026-04-21 22:22:37,824 DEBUG クリップボード変化: 45文字, CAPTURE含む=False
2026-04-21 22:22:52,231 DEBUG クリップボード変化: 217文字, CAPTURE含む=False
2026-04-21 22:25:25,909 DEBUG クリップボード変化: 48文字, CAPTURE含む=False
2026-04-21 22:28:25,207 DEBUG クリップボード変化: 98文字, CAPTURE含む=False
2026-04-21 22:33:36,565 DEBUG クリップボード変化: 0文字, CAPTURE含む=False
2026-04-21 22:34:28,587 DEBUG クリップボード変化: 44文字, CAPTURE含む=False
2026-04-21 22:35:50,226 DEBUG クリップボード変化: 23文字, CAPTURE含む=False
2026-04-21 22:38:26,301 DEBUG クリップボード変化: 128文字, CAPTURE含む=False
2026-04-21 22:39:19,128 DEBUG クリップボード変化: 0文字, CAPTURE含む=False
2026-04-21 22:41:53,599 DEBUG クリップボード変化: 15文字, CAPTURE含む=False
2026-04-21 22:41:58,401 DEBUG クリップボード変化: 108文字, CAPTURE含む=False
2026-04-21 22:42:31,217 DEBUG クリップボード変化: 44文字, CAPTURE含む=False
2026-04-21 22:43:13,639 DEBUG クリップボード変化: 0文字, CAPTURE含む=False
2026-04-21 22:43:19,241 DEBUG クリップボード変化: 175文字, CAPTURE含む=False
2026-04-21 22:59:29,316 DEBUG クリップボード変化: 150文字, CAPTURE含む=False
2026-04-21 23:00:14,138 DEBUG クリップボード変化: 48文字, CAPTURE含む=False
2026-04-21 23:02:19,808 DEBUG クリップボード変化: 11文字, CAPTURE含む=False
2026-04-21 23:02:27,011 DEBUG クリップボード変化: 108文字, CAPTURE含む=False
2026-04-21 23:03:17,440 DEBUG クリップボード変化: 44文字, CAPTURE含む=False
2026-04-21 23:04:21,471 DEBUG クリップボード変化: 0文字, CAPTURE含む=False
2026-04-21 23:05:07,890 DEBUG クリップボード変化: 108文字, CAPTURE含む=False
2026-04-21 23:08:13,581 DEBUG クリップボード変化: 47文字, CAPTURE含む=False
2026-04-21 23:08:56,004 DEBUG クリップボード変化: 44文字, CAPTURE含む=False
2026-04-21 23:10:05,638 DEBUG クリップボード変化: 1862文字, CAPTURE含む=False
2026-04-21 23:23:28,635 DEBUG クリップボード変化: 0文字, CAPTURE含む=False
2026-04-22 06:18:34,264 DEBUG クリップボード変化: 1862文字, CAPTURE含む=False
2026-04-22 06:22:36,037 DEBUG クリップボード変化: 0文字, CAPTURE含む=False
2026-04-22 06:25:12,913 DEBUG クリップボード変化: 49文字, CAPTURE含む=False
2026-04-22 06:27:34,588 DEBUG クリップボード変化: 27文字, CAPTURE含む=False
2026-04-22 06:31:26,706 DEBUG クリップボード変化: 40文字, CAPTURE含む=False
2026-04-22 06:40:50,217 DEBUG クリップボード変化: 0文字, CAPTURE含む=False
2026-04-22 06:47:48,017 DEBUG クリップボード変化: 8815文字, CAPTURE含む=False
2026-04-22 06:51:09,722 DEBUG クリップボード変化: 1024文字, CAPTURE含む=False
2026-04-22 06:59:56,394 DEBUG クリップボード変化: 44文字, CAPTURE含む=False
2026-04-22 07:01:15,629 DEBUG クリップボード変化: 44文字, CAPTURE含む=False
2026-04-22 07:07:22,999 DEBUG クリップボード変化: 181文字, CAPTURE含む=False
2026-04-22 07:14:18,417 DEBUG クリップボード変化: 43文字, CAPTURE含む=False
2026-04-22 07:16:01,668 DEBUG クリップボード変化: 36文字, CAPTURE含む=False
2026-04-22 14:48:34,777 DEBUG クリップボード変化: 0文字, CAPTURE含む=False
2026-04-22 19:54:33,314 DEBUG クリップボード変化: 36文字, CAPTURE含む=False
2026-04-22 19:59:35,303 DEBUG クリップボード変化: 173文字, CAPTURE含む=False
2026-04-22 20:01:05,783 DEBUG クリップボード変化: 48文字, CAPTURE含む=False
2026-04-22 20:02:38,630 DEBUG クリップボード変化: 0文字, CAPTURE含む=False
2026-04-22 20:10:13,274 DEBUG クリップボード変化: 44文字, CAPTURE含む=False
2026-04-22 20:12:31,756 DEBUG クリップボード変化: 41文字, CAPTURE含む=False
2026-04-22 20:23:50,585 DEBUG クリップボード変化: 54文字, CAPTURE含む=False
2026-04-22 20:26:20,324 DEBUG クリップボード変化: 567文字, CAPTURE含む=False
2026-04-22 20:27:01,172 DEBUG クリップボード変化: 17文字, CAPTURE含む=False
2026-04-22 20:31:25,338 DEBUG クリップボード変化: 61文字, CAPTURE含む=False
2026-04-22 20:31:32,542 DEBUG クリップボード変化: 61文字, CAPTURE含む=False
2026-04-22 20:31:58,960 DEBUG クリップボード変化: 61文字, CAPTURE含む=False
2026-04-22 20:32:40,587 DEBUG クリップボード変化: 59文字, CAPTURE含む=False
2026-04-22 20:34:35,858 DEBUG クリップボード変化: 0文字, CAPTURE含む=False
2026-04-22 20:36:07,996 DEBUG クリップボード変化: 59文字, CAPTURE含む=False
2026-04-22 20:36:14,402 DEBUG クリップボード変化: 123文字, CAPTURE含む=False
2026-04-22 20:37:13,642 DEBUG クリップボード変化: 59文字, CAPTURE含む=False
2026-04-22 20:39:24,127 DEBUG クリップボード変化: 372文字, CAPTURE含む=False
2026-04-22 20:43:33,901 DEBUG クリップボード変化: 59文字, CAPTURE含む=False
2026-04-22 21:00:37,768 DEBUG クリップボード変化: 1339文字, CAPTURE含む=False
2026-04-22 21:03:12,282 DEBUG クリップボード変化: 48文字, CAPTURE含む=False
2026-04-22 21:03:57,910 DEBUG クリップボード変化: 51文字, CAPTURE含む=False
2026-04-22 21:04:34,733 DEBUG クリップボード変化: 54文字, CAPTURE含む=False
2026-04-22 21:22:15,441 DEBUG クリップボード変化: 54文字, CAPTURE含む=False
2026-04-22 21:41:45,750 DEBUG クリップボード変化: 48文字, CAPTURE含む=False
2026-04-22 22:16:30,330 DEBUG クリップボード変化: 7文字, CAPTURE含む=False
2026-04-22 22:22:16,952 DEBUG クリップボード変化: 36文字, CAPTURE含む=False
2026-04-23 04:59:32,526 DEBUG クリップボード変化: 0文字, CAPTURE含む=False
2026-04-23 05:39:22,326 DEBUG クリップボード変化: 36文字, CAPTURE含む=False
2026-04-23 05:57:40,238 DEBUG クリップボード変化: 6文字, CAPTURE含む=False
2026-04-23 06:02:56,537 DEBUG クリップボード変化: 0文字, CAPTURE含む=False
2026-04-23 06:05:04,628 DEBUG クリップボード変化: 53文字, CAPTURE含む=False
2026-04-23 06:18:29,495 DEBUG クリップボード変化: 60文字, CAPTURE含む=False
2026-04-23 06:20:40,018 DEBUG クリップボード変化: 60文字, CAPTURE含む=False
2026-04-23 06:21:16,888 DEBUG クリップボード変化: 60文字, CAPTURE含む=False
2026-04-23 06:52:03,996 DEBUG クリップボード変化: 22文字, CAPTURE含む=False
2026-04-23 06:55:11,384 DEBUG クリップボード変化: 44文字, CAPTURE含む=False
2026-04-23 06:55:51,420 DEBUG クリップボード変化: 0文字, CAPTURE含む=False
2026-04-23 06:58:13,107 DEBUG クリップボード変化: 102文字, CAPTURE含む=False
2026-04-23 07:11:33,121 DEBUG クリップボード変化: 49文字, CAPTURE含む=False
2026-04-23 20:23:19,994 DEBUG クリップボード変化: 0文字, CAPTURE含む=False
2026-04-23 20:23:24,089 DEBUG クリップボード変化: 49文字, CAPTURE含む=False
2026-04-23 20:24:19,316 DEBUG クリップボード変化: 88文字, CAPTURE含む=False
